<?xml version="1.0" encoding="UTF-8"?>
<!-- Generated by org.testng.reporters.JUnitXMLReporter -->
<testsuite ignored="0" hostname="DESKTOP-2K98EE4" failures="0" tests="4" name="Default test" time="24.403" errors="0" timestamp="2021-03-30T16:46:29 IST">
  <testcase classname="com.denovo.testcases.LoginPageTest" name="loginpageTitle" time="0.07"/>
  <testcase classname="com.denovo.testcases.LoginPageTest" name="denovologo" time="0.053"/>
  <testcase classname="com.denovo.testcases.LoginPageTest" name="Rememberme" time="0.048"/>
  <testcase classname="com.denovo.testcases.LoginPageTest" name="loginbtn" time="0.051"/>
</testsuite> <!-- Default test -->
